{"/Users/danielgalvan/Documents/Desarrollo/JavaScript/04-git-expert-app/src/gitExpertApp.jsx": {"path":"/Users/danielgalvan/Documents/Desarrollo/JavaScript/04-git-expert-app/src/gitExpertApp.jsx","statementMap":{"0":{"start":{"line":4,"column":28},"end":{"line":38,"column":1}},"1":{"start":{"line":6,"column":40},"end":{"line":6,"column":52}},"2":{"start":{"line":9,"column":26},"end":{"line":15,"column":5}},"3":{"start":{"line":10,"column":8},"end":{"line":10,"column":54}},"4":{"start":{"line":10,"column":47},"end":{"line":10,"column":54}},"5":{"start":{"line":14,"column":8},"end":{"line":14,"column":53}},"6":{"start":{"line":14,"column":29},"end":{"line":14,"column":51}},"7":{"start":{"line":16,"column":4},"end":{"line":37,"column":5}},"8":{"start":{"line":22,"column":42},"end":{"line":22,"column":62}},"9":{"start":{"line":31,"column":20},"end":{"line":31,"column":66}}},"fnMap":{"0":{"name":"(anonymous_0)","decl":{"start":{"line":4,"column":28},"end":{"line":4,"column":29}},"loc":{"start":{"line":4,"column":34},"end":{"line":38,"column":1}},"line":4},"1":{"name":"(anonymous_1)","decl":{"start":{"line":9,"column":26},"end":{"line":9,"column":27}},"loc":{"start":{"line":9,"column":44},"end":{"line":15,"column":5}},"line":9},"2":{"name":"(anonymous_2)","decl":{"start":{"line":14,"column":22},"end":{"line":14,"column":23}},"loc":{"start":{"line":14,"column":29},"end":{"line":14,"column":51}},"line":14},"3":{"name":"(anonymous_3)","decl":{"start":{"line":22,"column":31},"end":{"line":22,"column":32}},"loc":{"start":{"line":22,"column":42},"end":{"line":22,"column":62}},"line":22},"4":{"name":"(anonymous_4)","decl":{"start":{"line":29,"column":32},"end":{"line":29,"column":33}},"loc":{"start":{"line":31,"column":20},"end":{"line":31,"column":66}},"line":31}},"branchMap":{"0":{"loc":{"start":{"line":10,"column":8},"end":{"line":10,"column":54}},"type":"if","locations":[{"start":{"line":10,"column":8},"end":{"line":10,"column":54}},{"start":{},"end":{}}],"line":10}},"s":{"0":1,"1":2,"2":2,"3":0,"4":0,"5":0,"6":0,"7":2,"8":0,"9":0},"f":{"0":2,"1":0,"2":0,"3":0,"4":0},"b":{"0":[0,0]},"_coverageSchema":"1a1c01bbd47fc00a2c39e90264f33305004495a9","hash":"a34bd48e3675c8c2e8f891365f3ffb166dcb3899"}
,"/Users/danielgalvan/Documents/Desarrollo/JavaScript/04-git-expert-app/src/components/GifGrid.jsx": {"path":"/Users/danielgalvan/Documents/Desarrollo/JavaScript/04-git-expert-app/src/components/GifGrid.jsx","statementMap":{"0":{"start":{"line":7,"column":23},"end":{"line":33,"column":1}},"1":{"start":{"line":9,"column":28},"end":{"line":9,"column":49}},"2":{"start":{"line":10,"column":0},"end":{"line":10,"column":25}},"3":{"start":{"line":16,"column":4},"end":{"line":32,"column":5}},"4":{"start":{"line":24,"column":12},"end":{"line":27,"column":14}},"5":{"start":{"line":35,"column":0},"end":{"line":37,"column":1}}},"fnMap":{"0":{"name":"(anonymous_0)","decl":{"start":{"line":7,"column":23},"end":{"line":7,"column":24}},"loc":{"start":{"line":7,"column":41},"end":{"line":33,"column":1}},"line":7},"1":{"name":"(anonymous_1)","decl":{"start":{"line":23,"column":24},"end":{"line":23,"column":25}},"loc":{"start":{"line":24,"column":12},"end":{"line":27,"column":14}},"line":24}},"branchMap":{"0":{"loc":{"start":{"line":20,"column":16},"end":{"line":21,"column":33}},"type":"binary-expr","locations":[{"start":{"line":20,"column":16},"end":{"line":20,"column":25}},{"start":{"line":21,"column":16},"end":{"line":21,"column":33}}],"line":20}},"s":{"0":2,"1":2,"2":2,"3":2,"4":1,"5":2},"f":{"0":2,"1":1},"b":{"0":[2,1]},"_coverageSchema":"1a1c01bbd47fc00a2c39e90264f33305004495a9","hash":"18a6ec70777abce44a4fdf40ea188d428da46876"}
,"/Users/danielgalvan/Documents/Desarrollo/JavaScript/04-git-expert-app/src/components/GitItem.jsx": {"path":"/Users/danielgalvan/Documents/Desarrollo/JavaScript/04-git-expert-app/src/components/GitItem.jsx","statementMap":{"0":{"start":{"line":3,"column":23},"end":{"line":14,"column":1}},"1":{"start":{"line":6,"column":2},"end":{"line":13,"column":3}},"2":{"start":{"line":16,"column":0},"end":{"line":21,"column":1}}},"fnMap":{"0":{"name":"(anonymous_0)","decl":{"start":{"line":3,"column":23},"end":{"line":3,"column":24}},"loc":{"start":{"line":3,"column":41},"end":{"line":14,"column":1}},"line":3}},"branchMap":{},"s":{"0":3,"1":4,"2":3},"f":{"0":4},"b":{},"_coverageSchema":"1a1c01bbd47fc00a2c39e90264f33305004495a9","hash":"791b643fde9cf308949784b9541101644a485b8b"}
,"/Users/danielgalvan/Documents/Desarrollo/JavaScript/04-git-expert-app/src/components/addCategory.jsx": {"path":"/Users/danielgalvan/Documents/Desarrollo/JavaScript/04-git-expert-app/src/components/addCategory.jsx","statementMap":{"0":{"start":{"line":4,"column":27},"end":{"line":34,"column":1}},"1":{"start":{"line":8,"column":40},"end":{"line":8,"column":52}},"2":{"start":{"line":10,"column":26},"end":{"line":13,"column":5}},"3":{"start":{"line":12,"column":8},"end":{"line":12,"column":36}},"4":{"start":{"line":14,"column":21},"end":{"line":22,"column":5}},"5":{"start":{"line":15,"column":8},"end":{"line":15,"column":44}},"6":{"start":{"line":16,"column":8},"end":{"line":16,"column":31}},"7":{"start":{"line":17,"column":8},"end":{"line":17,"column":49}},"8":{"start":{"line":17,"column":42},"end":{"line":17,"column":49}},"9":{"start":{"line":20,"column":8},"end":{"line":20,"column":41}},"10":{"start":{"line":21,"column":8},"end":{"line":21,"column":26}},"11":{"start":{"line":25,"column":4},"end":{"line":33,"column":5}},"12":{"start":{"line":26,"column":54},"end":{"line":26,"column":69}},"13":{"start":{"line":30,"column":37},"end":{"line":30,"column":57}},"14":{"start":{"line":36,"column":0},"end":{"line":38,"column":1}}},"fnMap":{"0":{"name":"(anonymous_0)","decl":{"start":{"line":4,"column":27},"end":{"line":4,"column":28}},"loc":{"start":{"line":4,"column":50},"end":{"line":34,"column":1}},"line":4},"1":{"name":"(anonymous_1)","decl":{"start":{"line":10,"column":26},"end":{"line":10,"column":27}},"loc":{"start":{"line":10,"column":42},"end":{"line":13,"column":5}},"line":10},"2":{"name":"(anonymous_2)","decl":{"start":{"line":14,"column":21},"end":{"line":14,"column":22}},"loc":{"start":{"line":14,"column":32},"end":{"line":22,"column":5}},"line":14},"3":{"name":"(anonymous_3)","decl":{"start":{"line":26,"column":43},"end":{"line":26,"column":44}},"loc":{"start":{"line":26,"column":54},"end":{"line":26,"column":69}},"line":26},"4":{"name":"(anonymous_4)","decl":{"start":{"line":30,"column":26},"end":{"line":30,"column":27}},"loc":{"start":{"line":30,"column":37},"end":{"line":30,"column":57}},"line":30}},"branchMap":{"0":{"loc":{"start":{"line":17,"column":8},"end":{"line":17,"column":49}},"type":"if","locations":[{"start":{"line":17,"column":8},"end":{"line":17,"column":49}},{"start":{},"end":{}}],"line":17}},"s":{"0":2,"1":8,"2":8,"3":2,"4":8,"5":2,"6":2,"7":2,"8":1,"9":1,"10":1,"11":8,"12":2,"13":2,"14":2},"f":{"0":8,"1":2,"2":2,"3":2,"4":2},"b":{"0":[1,1]},"_coverageSchema":"1a1c01bbd47fc00a2c39e90264f33305004495a9","hash":"cb933522b1bc21104a0856d3272d85bfdba149a0"}
,"/Users/danielgalvan/Documents/Desarrollo/JavaScript/04-git-expert-app/src/components/index.js": {"path":"/Users/danielgalvan/Documents/Desarrollo/JavaScript/04-git-expert-app/src/components/index.js","statementMap":{},"fnMap":{},"branchMap":{},"s":{},"f":{},"b":{},"_coverageSchema":"1a1c01bbd47fc00a2c39e90264f33305004495a9","hash":"d65ddc6e345f3abb52e1b89aefa0bf89ec80409f"}
,"/Users/danielgalvan/Documents/Desarrollo/JavaScript/04-git-expert-app/src/helpers/getgifs.js": {"path":"/Users/danielgalvan/Documents/Desarrollo/JavaScript/04-git-expert-app/src/helpers/getgifs.js","statementMap":{"0":{"start":{"line":1,"column":23},"end":{"line":11,"column":1}},"1":{"start":{"line":2,"column":16},"end":{"line":2,"column":112}},"2":{"start":{"line":3,"column":16},"end":{"line":3,"column":32}},"3":{"start":{"line":4,"column":21},"end":{"line":4,"column":37}},"4":{"start":{"line":6,"column":4},"end":{"line":10,"column":8}},"5":{"start":{"line":6,"column":28},"end":{"line":10,"column":5}}},"fnMap":{"0":{"name":"(anonymous_0)","decl":{"start":{"line":1,"column":23},"end":{"line":1,"column":24}},"loc":{"start":{"line":1,"column":48},"end":{"line":11,"column":1}},"line":1},"1":{"name":"(anonymous_1)","decl":{"start":{"line":6,"column":20},"end":{"line":6,"column":21}},"loc":{"start":{"line":6,"column":28},"end":{"line":10,"column":5}},"line":6}},"branchMap":{},"s":{"0":3,"1":1,"2":1,"3":1,"4":1,"5":10},"f":{"0":1,"1":10},"b":{},"_coverageSchema":"1a1c01bbd47fc00a2c39e90264f33305004495a9","hash":"034d3131cb6f4a1fec37b9170f8643caeff9acdc"}
,"/Users/danielgalvan/Documents/Desarrollo/JavaScript/04-git-expert-app/src/hooks/ useFetchGif.js": {"path":"/Users/danielgalvan/Documents/Desarrollo/JavaScript/04-git-expert-app/src/hooks/ useFetchGif.js","statementMap":{"0":{"start":{"line":5,"column":27},"end":{"line":23,"column":1}},"1":{"start":{"line":8,"column":32},"end":{"line":8,"column":44}},"2":{"start":{"line":9,"column":38},"end":{"line":9,"column":54}},"3":{"start":{"line":11,"column":22},"end":{"line":16,"column":5}},"4":{"start":{"line":12,"column":26},"end":{"line":12,"column":57}},"5":{"start":{"line":13,"column":8},"end":{"line":13,"column":29}},"6":{"start":{"line":14,"column":8},"end":{"line":14,"column":28}},"7":{"start":{"line":18,"column":4},"end":{"line":20,"column":11}},"8":{"start":{"line":19,"column":8},"end":{"line":19,"column":20}},"9":{"start":{"line":22,"column":2},"end":{"line":22,"column":31}}},"fnMap":{"0":{"name":"(anonymous_0)","decl":{"start":{"line":5,"column":27},"end":{"line":5,"column":28}},"loc":{"start":{"line":5,"column":41},"end":{"line":23,"column":1}},"line":5},"1":{"name":"(anonymous_1)","decl":{"start":{"line":11,"column":22},"end":{"line":11,"column":23}},"loc":{"start":{"line":11,"column":34},"end":{"line":16,"column":5}},"line":11},"2":{"name":"(anonymous_2)","decl":{"start":{"line":18,"column":14},"end":{"line":18,"column":15}},"loc":{"start":{"line":18,"column":20},"end":{"line":20,"column":5}},"line":18}},"branchMap":{},"s":{"0":3,"1":3,"2":3,"3":3,"4":2,"5":2,"6":2,"7":3,"8":2,"9":3},"f":{"0":3,"1":2,"2":2},"b":{},"_coverageSchema":"1a1c01bbd47fc00a2c39e90264f33305004495a9","hash":"accd1ee225b48c21a7f95003487cfacb494816a3"}
}
